15-Oct-2019 13:48:35.879 INFORMACIÓN [main] org.apache.catalina.startup.VersionLoggerListener.log Nombre de la versión del servidor:   Apache Tomcat/9.0.27

15-Oct-2019 13:48:35.883 INFORMACIÓN [main] org.apache.catalina.startup.VersionLoggerListener.log Server built:          Oct 7 2019 09:57:22 UTC
15-Oct-2019 13:48:35.885 INFORMACIÓN [main] org.apache.catalina.startup.VersionLoggerListener.log Número de versión de servidor:         9.0.27.0
15-Oct-2019 13:48:35.885 INFORMACIÓN [main] org.apache.catalina.startup.VersionLoggerListener.log OS Name:               Linux
15-Oct-2019 13:48:35.885 INFORMACIÓN [main] org.apache.catalina.startup.VersionLoggerListener.log Versión de Systema Operativo:      5.0.0-31-generic

15-Oct-2019 13:48:35.886 INFORMACIÓN [main] org.apache.catalina.startup.VersionLoggerListener.log Arquitectura:          amd64

15-Oct-2019 13:48:35.886 INFORMACIÓN [main] org.apache.catalina.startup.VersionLoggerListener.log Java Home:             /usr/lib/jvm/java-11-openjdk-amd64
15-Oct-2019 13:48:35.886 INFORMACIÓN [main] org.apache.catalina.startup.VersionLoggerListener.log JVM Version:           11.0.4+11-post-Ubuntu-1ubuntu218.04.3
15-Oct-2019 13:48:35.886 INFORMACIÓN [main] org.apache.catalina.startup.VersionLoggerListener.log Vededor JVM:     Ubuntu
15-Oct-2019 13:48:35.886 INFORMACIÓN [main] org.apache.catalina.startup.VersionLoggerListener.log CATALINA_BASE:         /home/estudiante/Apache Tomcat 9/apache-tomcat-9.0.27
15-Oct-2019 13:48:35.886 INFORMACIÓN [main] org.apache.catalina.startup.VersionLoggerListener.log CATALINA_HOME:         /home/estudiante/Apache Tomcat 9/apache-tomcat-9.0.27
15-Oct-2019 13:48:35.898 INFORMACIÓN [main] org.apache.catalina.startup.VersionLoggerListener.log Command line argument: --add-opens=java.base/java.lang=ALL-UNNAMED
15-Oct-2019 13:48:35.898 INFORMACIÓN [main] org.apache.catalina.startup.VersionLoggerListener.log Command line argument: --add-opens=java.base/java.io=ALL-UNNAMED
15-Oct-2019 13:48:35.898 INFORMACIÓN [main] org.apache.catalina.startup.VersionLoggerListener.log Command line argument: --add-opens=java.rmi/sun.rmi.transport=ALL-UNNAMED
15-Oct-2019 13:48:35.898 INFORMACIÓN [main] org.apache.catalina.startup.VersionLoggerListener.log Command line argument: -Djava.util.logging.config.file=/home/estudiante/Apache Tomcat 9/apache-tomcat-9.0.27/conf/logging.properties
15-Oct-2019 13:48:35.898 INFORMACIÓN [main] org.apache.catalina.startup.VersionLoggerListener.log Command line argument: -Djava.util.logging.manager=org.apache.juli.ClassLoaderLogManager
15-Oct-2019 13:48:35.898 INFORMACIÓN [main] org.apache.catalina.startup.VersionLoggerListener.log Command line argument: -Djdk.tls.ephemeralDHKeySize=2048
15-Oct-2019 13:48:35.898 INFORMACIÓN [main] org.apache.catalina.startup.VersionLoggerListener.log Command line argument: -Djava.protocol.handler.pkgs=org.apache.catalina.webresources
15-Oct-2019 13:48:35.899 INFORMACIÓN [main] org.apache.catalina.startup.VersionLoggerListener.log Command line argument: -Dorg.apache.catalina.security.SecurityListener.UMASK=0027
15-Oct-2019 13:48:35.899 INFORMACIÓN [main] org.apache.catalina.startup.VersionLoggerListener.log Command line argument: -Dignore.endorsed.dirs=
15-Oct-2019 13:48:35.899 INFORMACIÓN [main] org.apache.catalina.startup.VersionLoggerListener.log Command line argument: -Dcatalina.base=/home/estudiante/Apache Tomcat 9/apache-tomcat-9.0.27
15-Oct-2019 13:48:35.899 INFORMACIÓN [main] org.apache.catalina.startup.VersionLoggerListener.log Command line argument: -Dcatalina.home=/home/estudiante/Apache Tomcat 9/apache-tomcat-9.0.27
15-Oct-2019 13:48:35.899 INFORMACIÓN [main] org.apache.catalina.startup.VersionLoggerListener.log Command line argument: -Djava.io.tmpdir=/home/estudiante/Apache Tomcat 9/apache-tomcat-9.0.27/temp
15-Oct-2019 13:48:35.899 INFORMACIÓN [main] org.apache.catalina.core.AprLifecycleListener.lifecycleEvent La biblioteca nativa de Apache Tomcat basada en ARP que permite un rendimiento óptimo en entornos de desarrollo no ha sido hallada en java.library.path: [/usr/java/packages/lib:/usr/lib/x86_64-linux-gnu/jni:/lib/x86_64-linux-gnu:/usr/lib/x86_64-linux-gnu:/usr/lib/jni:/lib:/usr/lib]
15-Oct-2019 13:48:36.233 INFORMACIÓN [main] org.apache.coyote.AbstractProtocol.init Inicializando el manejador de protocolo ["http-nio-8080"]

15-Oct-2019 13:48:36.259 INFORMACIÓN [main] org.apache.coyote.AbstractProtocol.init Inicializando el manejador de protocolo ["ajp-nio-8009"]

15-Oct-2019 13:48:36.266 INFORMACIÓN [main] org.apache.catalina.startup.Catalina.load Server initialization in [646] milliseconds
15-Oct-2019 13:48:36.328 INFORMACIÓN [main] org.apache.catalina.core.StandardService.startInternal Arrancando servicio [Catalina]
15-Oct-2019 13:48:36.328 INFORMACIÓN [main] org.apache.catalina.core.StandardEngine.startInternal Starting Servlet engine: [Apache Tomcat/9.0.27]
15-Oct-2019 13:48:36.337 INFORMACIÓN [main] org.apache.catalina.startup.HostConfig.deployDirectory Desplegando el directorio [/home/estudiante/Apache Tomcat 9/apache-tomcat-9.0.27/webapps/docs] de la aplicación web
15-Oct-2019 13:48:36.655 INFORMACIÓN [main] org.apache.catalina.startup.HostConfig.deployDirectory Deployment of web application directory [/home/estudiante/Apache Tomcat 9/apache-tomcat-9.0.27/webapps/docs] has finished in [317] ms
15-Oct-2019 13:48:36.655 INFORMACIÓN [main] org.apache.catalina.startup.HostConfig.deployDirectory Desplegando el directorio [/home/estudiante/Apache Tomcat 9/apache-tomcat-9.0.27/webapps/host-manager] de la aplicación web
15-Oct-2019 13:48:36.717 INFORMACIÓN [main] org.apache.catalina.startup.HostConfig.deployDirectory Deployment of web application directory [/home/estudiante/Apache Tomcat 9/apache-tomcat-9.0.27/webapps/host-manager] has finished in [62] ms
15-Oct-2019 13:48:36.718 INFORMACIÓN [main] org.apache.catalina.startup.HostConfig.deployDirectory Desplegando el directorio [/home/estudiante/Apache Tomcat 9/apache-tomcat-9.0.27/webapps/manager] de la aplicación web
15-Oct-2019 13:48:36.751 INFORMACIÓN [main] org.apache.catalina.startup.HostConfig.deployDirectory Deployment of web application directory [/home/estudiante/Apache Tomcat 9/apache-tomcat-9.0.27/webapps/manager] has finished in [34] ms
15-Oct-2019 13:48:36.752 INFORMACIÓN [main] org.apache.catalina.startup.HostConfig.deployDirectory Desplegando el directorio [/home/estudiante/Apache Tomcat 9/apache-tomcat-9.0.27/webapps/ROOT] de la aplicación web
15-Oct-2019 13:48:36.780 INFORMACIÓN [main] org.apache.catalina.startup.HostConfig.deployDirectory Deployment of web application directory [/home/estudiante/Apache Tomcat 9/apache-tomcat-9.0.27/webapps/ROOT] has finished in [28] ms
15-Oct-2019 13:48:36.781 INFORMACIÓN [main] org.apache.catalina.startup.HostConfig.deployDirectory Desplegando el directorio [/home/estudiante/Apache Tomcat 9/apache-tomcat-9.0.27/webapps/examples] de la aplicación web
15-Oct-2019 13:48:37.303 INFORMACIÓN [main] org.apache.catalina.startup.HostConfig.deployDirectory Deployment of web application directory [/home/estudiante/Apache Tomcat 9/apache-tomcat-9.0.27/webapps/examples] has finished in [522] ms
15-Oct-2019 13:48:37.315 INFORMACIÓN [main] org.apache.coyote.AbstractProtocol.start Starting ProtocolHandler ["http-nio-8080"]
15-Oct-2019 13:48:37.338 INFORMACIÓN [main] org.apache.coyote.AbstractProtocol.start Starting ProtocolHandler ["ajp-nio-8009"]
15-Oct-2019 13:48:37.343 INFORMACIÓN [main] org.apache.catalina.startup.Catalina.start Server startup in [1.076] milliseconds
15-Oct-2019 13:50:06.829 INFORMACIÓN [main] org.apache.catalina.core.StandardServer.await Se ha recibido un comando de apagado a través del puerto de apagado. Parando la instancia del Servidor.
15-Oct-2019 13:50:06.830 INFORMACIÓN [main] org.apache.coyote.AbstractProtocol.pause Pausing ProtocolHandler ["http-nio-8080"]
15-Oct-2019 13:50:06.838 INFORMACIÓN [main] org.apache.coyote.AbstractProtocol.pause Pausing ProtocolHandler ["ajp-nio-8009"]
15-Oct-2019 13:50:06.843 INFORMACIÓN [main] org.apache.catalina.core.StandardService.stopInternal Parando servicio [Catalina]
15-Oct-2019 13:50:06.874 INFORMACIÓN [main] org.apache.coyote.AbstractProtocol.stop Stopping ProtocolHandler ["http-nio-8080"]
15-Oct-2019 13:50:06.876 INFORMACIÓN [main] org.apache.coyote.AbstractProtocol.stop Stopping ProtocolHandler ["ajp-nio-8009"]
15-Oct-2019 13:50:06.884 INFORMACIÓN [main] org.apache.coyote.AbstractProtocol.destroy Destroying ProtocolHandler ["http-nio-8080"]
15-Oct-2019 13:50:06.885 INFORMACIÓN [main] org.apache.coyote.AbstractProtocol.destroy Destroying ProtocolHandler ["ajp-nio-8009"]
